c:\git repository\truski42\visualbank\custompanels\x64\debug\custompanels.pch
c:\git repository\truski42\visualbank\custompanels\x64\debug\vc143.pdb
c:\git repository\truski42\visualbank\custompanels\x64\debug\pch.obj
c:\git repository\truski42\visualbank\custompanels\x64\debug\transferpanel.obj
c:\git repository\truski42\visualbank\custompanels\x64\debug\taxtransfer.obj
c:\git repository\truski42\visualbank\custompanels\x64\debug\owntransfer.obj
c:\git repository\truski42\visualbank\custompanels\x64\debug\nationaltransfer.obj
c:\git repository\truski42\visualbank\custompanels\x64\debug\fxtransfer.obj
c:\git repository\truski42\visualbank\custompanels\x64\debug\custompanels.obj
c:\git repository\truski42\visualbank\custompanels\x64\debug\assemblyinfo.obj
c:\git repository\truski42\visualbank\custompanels\x64\debug\.netframework,version=v4.8.assemblyattributes.obj
c:\git repository\truski42\visualbank\x64\debug\custompanels.dll
c:\git repository\truski42\visualbank\x64\debug\custompanels.pdb
c:\git repository\truski42\visualbank\custompanels\x64\debug\app.res
c:\git repository\truski42\visualbank\custompanels\x64\debug\custompanels.tlog\cl.command.1.tlog
c:\git repository\truski42\visualbank\custompanels\x64\debug\custompanels.tlog\cl.read.1.tlog
c:\git repository\truski42\visualbank\custompanels\x64\debug\custompanels.tlog\cl.write.1.tlog
c:\git repository\truski42\visualbank\custompanels\x64\debug\custompanels.tlog\link.command.1.tlog
c:\git repository\truski42\visualbank\custompanels\x64\debug\custompanels.tlog\link.read.1.tlog
c:\git repository\truski42\visualbank\custompanels\x64\debug\custompanels.tlog\link.write.1.tlog
c:\git repository\truski42\visualbank\custompanels\x64\debug\custompanels.tlog\metagen.read.1.tlog
c:\git repository\truski42\visualbank\custompanels\x64\debug\custompanels.tlog\metagen.write.1.tlog
c:\git repository\truski42\visualbank\custompanels\x64\debug\custompanels.tlog\rc.command.1.tlog
c:\git repository\truski42\visualbank\custompanels\x64\debug\custompanels.tlog\rc.read.1.tlog
c:\git repository\truski42\visualbank\custompanels\x64\debug\custompanels.tlog\rc.write.1.tlog
c:\git repository\truski42\visualbank\custompanels\x64\debug\custompanels.tlog\resgen.command.1.tlog
c:\git repository\truski42\visualbank\custompanels\x64\debug\custompanels.tlog\resgen.read.1.tlog
c:\git repository\truski42\visualbank\custompanels\x64\debug\custompanels.tlog\resgen.write.1.tlog
