c:\git repository\visualbank\visualbank\x64\debug\vc143.pdb
c:\git repository\visualbank\visualbank\x64\debug\.netframework,version=v4.8.assemblyattributes.obj
c:\git repository\visualbank\visualbank\x64\debug\bankform.obj
c:\git repository\visualbank\visualbank\x64\debug\registerform.obj
c:\git repository\visualbank\visualbank\x64\debug\program.obj
c:\git repository\visualbank\visualbank\x64\debug\mainform.obj
c:\git repository\visualbank\x64\debug\visualbank.exe
c:\git repository\visualbank\x64\debug\visualbank.pdb
c:\git repository\visualbank\visualbank\x64\debug\loginform.obj
c:\git repository\visualbank\visualbank\x64\debug\newaccount.obj
c:\git repository\visualbank\visualbank\x64\debug\visualbank.tlog\cl.command.1.tlog
c:\git repository\visualbank\visualbank\x64\debug\visualbank.tlog\cl.read.1.tlog
c:\git repository\visualbank\visualbank\x64\debug\visualbank.tlog\cl.write.1.tlog
c:\git repository\visualbank\visualbank\x64\debug\visualbank.tlog\link.command.1.tlog
c:\git repository\visualbank\visualbank\x64\debug\visualbank.tlog\link.read.1.tlog
c:\git repository\visualbank\visualbank\x64\debug\visualbank.tlog\link.write.1.tlog
c:\git repository\visualbank\visualbank\x64\debug\visualbank.tlog\metagen.read.1.tlog
c:\git repository\visualbank\visualbank\x64\debug\visualbank.tlog\metagen.write.1.tlog
c:\git repository\visualbank\visualbank\x64\debug\visualbank.tlog\resgen.command.1.tlog
c:\git repository\visualbank\visualbank\x64\debug\visualbank.tlog\resgen.read.1.tlog
c:\git repository\visualbank\visualbank\x64\debug\visualbank.tlog\resgen.write.1.tlog
